<?xml version="1.0" encoding="UTF-8"?>
<!-- Generated by org.testng.reporters.JUnitReportReporter -->
<testsuite hostname="LP-5CG04119Z4" failures="0" tests="2" name="LoginPage" time="4.253" errors="0" timestamp="2022-02-28T09:23:44 IST" skipped="0">
  <testcase classname="LoginPage" name="test" time="1.575"/>
  <system-out/>
  <testcase classname="LoginPage" name="test1" time="2.678"/>
  <system-out/>
</testsuite> <!-- LoginPage -->
