<?xml version="1.0" encoding="UTF-8"?>
<!-- Generated by org.testng.reporters.JUnitReportReporter -->
<testsuite hostname="LP-5CG04119Z4" failures="0" tests="1" name="CartPage" time="9.430" errors="0" timestamp="2022-02-28T09:23:44 IST" skipped="0">
  <testcase classname="CartPage" name="test" time="9.430"/>
  <system-out/>
</testsuite> <!-- CartPage -->
