<?xml version="1.0" encoding="UTF-8"?>
<!-- Generated by org.testng.reporters.JUnitReportReporter -->
<testsuite hostname="LP-5CG04119Z4" failures="0" tests="2" name="SignupPage" time="3.930" errors="0" timestamp="2022-02-28T09:23:44 IST" skipped="0">
  <testcase classname="SignupPage" name="test" time="1.809"/>
  <system-out/>
  <testcase classname="SignupPage" name="test1" time="2.121"/>
  <system-out/>
</testsuite> <!-- SignupPage -->
